<?xml version="1.0" encoding="UTF-8"?>
<testsuite xmlns:xsi="http://www.w3.org/2001/XMLSchema-instance" xsi:noNamespaceSchemaLocation="https://maven.apache.org/surefire/maven-surefire-plugin/xsd/surefire-test-report.xsd" name="com.idera.testrail.tests.SumTests" time="0" tests="3" errors="0" skipped="0" failures="2">
  <properties>
    <property name="sun.desktop" value="windows"/>
    <property name="awt.toolkit" value="sun.awt.windows.WToolkit"/>
    <property name="file.encoding.pkg" value="sun.io"/>
    <property name="java.specification.version" value="1.8"/>
    <property name="sun.cpu.isalist" value="amd64"/>
    <property name="sun.jnu.encoding" value="Cp1252"/>
    <property name="java.class.path" value="C:\Users\e1079458\work\learn-testrail\testrail-frameworks-integration\samples\java\junit5\target\test-classes;C:\Users\e1079458\work\learn-testrail\testrail-frameworks-integration\samples\java\junit5\target\classes;C:\Users\e1079458\.m2\repository\org\junit\jupiter\junit-jupiter-engine\5.8.2\junit-jupiter-engine-5.8.2.jar;C:\Users\e1079458\.m2\repository\org\junit\platform\junit-platform-engine\1.8.2\junit-platform-engine-1.8.2.jar;C:\Users\e1079458\.m2\repository\org\opentest4j\opentest4j\1.2.0\opentest4j-1.2.0.jar;C:\Users\e1079458\.m2\repository\org\junit\platform\junit-platform-commons\1.8.2\junit-platform-commons-1.8.2.jar;C:\Users\e1079458\.m2\repository\org\junit\jupiter\junit-jupiter-api\5.8.2\junit-jupiter-api-5.8.2.jar;C:\Users\e1079458\.m2\repository\org\apiguardian\apiguardian-api\1.1.2\apiguardian-api-1.1.2.jar;C:\Users\e1079458\.m2\repository\org\junit\jupiter\junit-jupiter-params\5.8.2\junit-jupiter-params-5.8.2.jar;C:\Users\e1079458\.m2\repository\com\testrail\testrail-junit-extensions\0.1.1\testrail-junit-extensions-0.1.1.jar;C:\Users\e1079458\.m2\repository\org\junit\platform\junit-platform-suite-api\1.7.1\junit-platform-suite-api-1.7.1.jar;C:\Users\e1079458\.m2\repository\org\junit\platform\junit-platform-reporting\1.7.1\junit-platform-reporting-1.7.1.jar;C:\Users\e1079458\.m2\repository\org\junit\platform\junit-platform-launcher\1.7.1\junit-platform-launcher-1.7.1.jar;C:\Users\e1079458\.m2\repository\org\junit\platform\junit-platform-runner\1.7.1\junit-platform-runner-1.7.1.jar;C:\Users\e1079458\.m2\repository\junit\junit\4.13\junit-4.13.jar;C:\Users\e1079458\.m2\repository\org\hamcrest\hamcrest-core\1.3\hamcrest-core-1.3.jar;"/>
    <property name="java.vm.vendor" value="Oracle Corporation"/>
    <property name="sun.arch.data.model" value="64"/>
    <property name="user.variant" value=""/>
    <property name="java.vendor.url" value="http://java.oracle.com/"/>
    <property name="user.timezone" value="Africa/Luanda"/>
    <property name="user.country.format" value="FR"/>
    <property name="java.vm.specification.version" value="1.8"/>
    <property name="os.name" value="Windows 11"/>
    <property name="user.country" value="US"/>
    <property name="sun.java.launcher" value="SUN_STANDARD"/>
    <property name="sun.boot.library.path" value="C:\Program Files\Java\jdk-1.8\jre\bin"/>
    <property name="sun.java.command" value="C:\Users\e1079458\AppData\Local\Temp\1\surefire7278006698030262217\surefirebooter6648745809274662676.jar C:\Users\e1079458\AppData\Local\Temp\1\surefire7278006698030262217 2024-03-27T17-32-46_530-jvmRun1 surefire37405462821891975tmp surefire_05558176129312723111tmp"/>
    <property name="surefire.test.class.path" value="C:\Users\e1079458\work\learn-testrail\testrail-frameworks-integration\samples\java\junit5\target\test-classes;C:\Users\e1079458\work\learn-testrail\testrail-frameworks-integration\samples\java\junit5\target\classes;C:\Users\e1079458\.m2\repository\org\junit\jupiter\junit-jupiter-engine\5.8.2\junit-jupiter-engine-5.8.2.jar;C:\Users\e1079458\.m2\repository\org\junit\platform\junit-platform-engine\1.8.2\junit-platform-engine-1.8.2.jar;C:\Users\e1079458\.m2\repository\org\opentest4j\opentest4j\1.2.0\opentest4j-1.2.0.jar;C:\Users\e1079458\.m2\repository\org\junit\platform\junit-platform-commons\1.8.2\junit-platform-commons-1.8.2.jar;C:\Users\e1079458\.m2\repository\org\junit\jupiter\junit-jupiter-api\5.8.2\junit-jupiter-api-5.8.2.jar;C:\Users\e1079458\.m2\repository\org\apiguardian\apiguardian-api\1.1.2\apiguardian-api-1.1.2.jar;C:\Users\e1079458\.m2\repository\org\junit\jupiter\junit-jupiter-params\5.8.2\junit-jupiter-params-5.8.2.jar;C:\Users\e1079458\.m2\repository\com\testrail\testrail-junit-extensions\0.1.1\testrail-junit-extensions-0.1.1.jar;C:\Users\e1079458\.m2\repository\org\junit\platform\junit-platform-suite-api\1.7.1\junit-platform-suite-api-1.7.1.jar;C:\Users\e1079458\.m2\repository\org\junit\platform\junit-platform-reporting\1.7.1\junit-platform-reporting-1.7.1.jar;C:\Users\e1079458\.m2\repository\org\junit\platform\junit-platform-launcher\1.7.1\junit-platform-launcher-1.7.1.jar;C:\Users\e1079458\.m2\repository\org\junit\platform\junit-platform-runner\1.7.1\junit-platform-runner-1.7.1.jar;C:\Users\e1079458\.m2\repository\junit\junit\4.13\junit-4.13.jar;C:\Users\e1079458\.m2\repository\org\hamcrest\hamcrest-core\1.3\hamcrest-core-1.3.jar;"/>
    <property name="sun.cpu.endian" value="little"/>
    <property name="user.home" value="C:\Users\e1079458"/>
    <property name="user.language" value="en"/>
    <property name="java.specification.vendor" value="Oracle Corporation"/>
    <property name="java.home" value="C:\Program Files\Java\jdk-1.8\jre"/>
    <property name="basedir" value="C:\Users\e1079458\work\learn-testrail\testrail-frameworks-integration\samples\java\junit5"/>
    <property name="file.separator" value="\"/>
    <property name="line.separator" value="&#10;"/>
    <property name="java.vm.specification.vendor" value="Oracle Corporation"/>
    <property name="java.specification.name" value="Java Platform API Specification"/>
    <property name="java.awt.graphicsenv" value="sun.awt.Win32GraphicsEnvironment"/>
    <property name="surefire.real.class.path" value="C:\Users\e1079458\AppData\Local\Temp\1\surefire7278006698030262217\surefirebooter6648745809274662676.jar"/>
    <property name="sun.boot.class.path" value="C:\Program Files\Java\jdk-1.8\jre\lib\resources.jar;C:\Program Files\Java\jdk-1.8\jre\lib\rt.jar;C:\Program Files\Java\jdk-1.8\jre\lib\jsse.jar;C:\Program Files\Java\jdk-1.8\jre\lib\jce.jar;C:\Program Files\Java\jdk-1.8\jre\lib\charsets.jar;C:\Program Files\Java\jdk-1.8\jre\lib\jfr.jar;C:\Program Files\Java\jdk-1.8\jre\classes"/>
    <property name="user.script" value=""/>
    <property name="sun.management.compiler" value="HotSpot 64-Bit Tiered Compilers"/>
    <property name="java.runtime.version" value="1.8.0_401-b10"/>
    <property name="user.name" value="e1079458"/>
    <property name="path.separator" value=";"/>
    <property name="os.version" value="10.0"/>
    <property name="java.endorsed.dirs" value="C:\Program Files\Java\jdk-1.8\jre\lib\endorsed"/>
    <property name="java.runtime.name" value="Java(TM) SE Runtime Environment"/>
    <property name="file.encoding" value="Cp1252"/>
    <property name="java.vm.name" value="Java HotSpot(TM) 64-Bit Server VM"/>
    <property name="localRepository" value="C:\Users\e1079458\.m2\repository"/>
    <property name="java.vendor.url.bug" value="http://bugreport.sun.com/bugreport/"/>
    <property name="java.io.tmpdir" value="C:\Users\e1079458\AppData\Local\Temp\1\"/>
    <property name="idea.version" value="2023.1"/>
    <property name="java.version" value="1.8.0_401"/>
    <property name="user.dir" value="C:\Users\e1079458\work\learn-testrail\testrail-frameworks-integration\samples\java\junit5"/>
    <property name="os.arch" value="amd64"/>
    <property name="java.vm.specification.name" value="Java Virtual Machine Specification"/>
    <property name="java.awt.printerjob" value="sun.awt.windows.WPrinterJob"/>
    <property name="user.language.format" value="fr"/>
    <property name="sun.os.patch.level" value=""/>
    <property name="java.library.path" value="C:\Program Files\Java\jdk-1.8\jre\bin;C:\WINDOWS\Sun\Java\bin;C:\WINDOWS\system32;C:\WINDOWS;C:\Program Files\Common Files\Oracle\Java\javapath;C:\Program Files (x86)\Common Files\Oracle\Java\javapath;C:\Program Files (x86)\Microsoft SDKs\Azure\CLI2\wbin;C:\WINDOWS\system32;C:\WINDOWS;C:\WINDOWS\System32\Wbem;C:\WINDOWS\System32\WindowsPowerShell\v1.0\;C:\WINDOWS\System32\OpenSSH\;C:\Users\e1079458\.nvm;C:\Program Files\nodejs;C:\Program Files (x86)\NVIDIA Corporation\PhysX\Common;C:\Program Files\MySQL\MySQL Shell 8.0\bin\;C:\Users\e1079458\Miniconda3;C:\Users\e1079458\Miniconda3\Library\mingw-w64\bin;C:\Users\e1079458\Miniconda3\Library\usr\bin;C:\Users\e1079458\Miniconda3\Library\bin;C:\Users\e1079458\Miniconda3\Scripts;C:\Users\e1079458\.pyenv\pyenv-win\bin;C:\Users\e1079458\.pyenv\pyenv-win\shims;C:\Users\e1079458\AppData\Local\Microsoft\WindowsApps;C:\Users\e1079458\AppData\Local\Programs\Microsoft VS Code\bin;C:\Users\e1079458\AppData\Local\Programs\Git\cmd;C:\Projects\.docker\bin;C:\Users\e1079458\.kube;C:\Windows\System32\cmd.exe;C:\Users\e1079458\.pyenv\pyenv-win\versions\3.10.2\Scripts;C:\Users\e1079458\.nginx-1.20.2;C:\Users\e1079458\.helm;C:\Users\e1079458\.istio\istio-1.13.2\bin;C:\Projects\.npm;C:\Users\e1079458\.nvm;C:\Program Files\nodejs;C:\Users\e1079458\.flutter\flutter_windows_3.0.0-stable\flutter\bin;C:\Program Files\MongoDB\Server\5.0\bin;C:\Program Files\Java\jdk-1.8\bin;C:\Users\e1079458\apache-maven-3.9.0\bin;C:\Program Files\JetBrains\IntelliJ IDEA Community Edition 2023.1\bin;;C:\Users\e1079458\.terraform;C:\Users\e1079458\AppData\Roaming\Python\Python310\Scripts;C:\Users\e1079458\AppData\Local\Microsoft\WindowsApps;C:\Program Files\JetBrains\PyCharm Community Edition 2023.2.3\bin;;C:\Users\e1079458\.harness;;."/>
    <property name="java.vm.info" value="mixed mode"/>
    <property name="java.vendor" value="Oracle Corporation"/>
    <property name="java.vm.version" value="25.401-b10"/>
    <property name="java.specification.maintenance.version" value="5"/>
    <property name="java.ext.dirs" value="C:\Program Files\Java\jdk-1.8\jre\lib\ext;C:\WINDOWS\Sun\Java\lib\ext"/>
    <property name="sun.io.unicode.encoding" value="UnicodeLittle"/>
    <property name="java.class.version" value="52.0"/>
  </properties>
  <testcase name="AddTwoNumbersWithDecimals{TestRailTestReporter}" classname="com.idera.testrail.tests.SumTests" time="0">
    <failure message="1.3+1.5 should equal 3 ==&gt; expected: &lt;3.0&gt; but was: &lt;2.9&gt;" type="org.opentest4j.AssertionFailedError"><![CDATA[org.opentest4j.AssertionFailedError: 1.3+1.5 should equal 3 ==> expected: <3.0> but was: <2.9>
	at com.idera.testrail.tests.SumTests.AddTwoNumbersWithDecimals(SumTests.java:28)
]]></failure>
  </testcase>
  <testcase name="AddTwoNumbers" classname="com.idera.testrail.tests.SumTests" time="0">
    <failure message="1 + 2 should equal 3 ==&gt; expected: &lt;3.0&gt; but was: &lt;3.5&gt;" type="org.opentest4j.AssertionFailedError"><![CDATA[org.opentest4j.AssertionFailedError: 1 + 2 should equal 3 ==> expected: <3.0> but was: <3.5>
	at com.idera.testrail.tests.SumTests.AddTwoNumbers(SumTests.java:20)
]]></failure>
  </testcase>
  <testcase name="AddThreeNumbers" classname="com.idera.testrail.tests.SumTests$AddMoreNumbersTests" time="0"/>
</testsuite>