<?xml version="1.0" encoding="UTF-8"?>
<testsuite xmlns:xsi="http://www.w3.org/2001/XMLSchema-instance" xsi:noNamespaceSchemaLocation="https://maven.apache.org/surefire/maven-surefire-plugin/xsd/surefire-test-report.xsd" name="com.idera.testrail.tests.SumTests" time="0" tests="3" errors="0" skipped="0" failures="2">
  <properties>
[...]
</properties>
  <testcase name="AddTwoNumbersWithDecimals{TestRailTestReporter}" classname="com.idera.testrail.tests.SumTests" time="0">
    <failure message="1.3+1.5 should equal 3 ==&gt; expected: &lt;3.0&gt; but was: &lt;2.9&gt;" type="org.opentest4j.AssertionFailedError"><![CDATA[org.opentest4j.AssertionFailedError: 1.3+1.5 should equal 3 ==> expected: <3.0> but was: <2.9>
	at com.idera.testrail.tests.SumTests.AddTwoNumbersWithDecimals(SumTests.java:28)
]]></failure>
  </testcase>
  <testcase name="AddTwoNumbers" classname="com.idera.testrail.tests.SumTests" time="0">
    <failure message="1 + 2 should equal 3 ==&gt; expected: &lt;3.0&gt; but was: &lt;3.5&gt;" type="org.opentest4j.AssertionFailedError"><![CDATA[org.opentest4j.AssertionFailedError: 1 + 2 should equal 3 ==> expected: <3.0> but was: <3.5>
	at com.idera.testrail.tests.SumTests.AddTwoNumbers(SumTests.java:20)
]]></failure>
  </testcase>
  <testcase name="AddThreeNumbers" classname="com.idera.testrail.tests.SumTests$AddMoreNumbersTests" time="0"/>
</testsuite>